<?xml version="1.0" encoding="UTF-8"?>
<testsuite xmlns:xsi="http://www.w3.org/2001/XMLSchema-instance" xsi:noNamespaceSchemaLocation="https://maven.apache.org/surefire/maven-surefire-plugin/xsd/surefire-test-report.xsd" name="com.epam.rd.autotasks.chesspuzzles.ChessPuzzlesTest" time="0.153" tests="6" errors="6" skipped="0" failures="0">
  <properties>
    <property name="java.specification.version" value="18"/>
    <property name="sun.cpu.isalist" value="amd64"/>
    <property name="sun.jnu.encoding" value="Cp1251"/>
    <property name="java.class.path" value="C:\Users\MVA\git\chess-puzzles\target\test-classes;C:\Users\MVA\git\chess-puzzles\target\classes;C:\Users\MVA\.m2\repository\com\google\guava\guava\29.0-jre\guava-29.0-jre.jar;C:\Users\MVA\.m2\repository\com\google\guava\failureaccess\1.0.1\failureaccess-1.0.1.jar;C:\Users\MVA\.m2\repository\com\google\guava\listenablefuture\9999.0-empty-to-avoid-conflict-with-guava\listenablefuture-9999.0-empty-to-avoid-conflict-with-guava.jar;C:\Users\MVA\.m2\repository\com\google\code\findbugs\jsr305\3.0.2\jsr305-3.0.2.jar;C:\Users\MVA\.m2\repository\org\checkerframework\checker-qual\2.11.1\checker-qual-2.11.1.jar;C:\Users\MVA\.m2\repository\com\google\errorprone\error_prone_annotations\2.3.4\error_prone_annotations-2.3.4.jar;C:\Users\MVA\.m2\repository\com\google\j2objc\j2objc-annotations\1.3\j2objc-annotations-1.3.jar;C:\Users\MVA\.m2\repository\org\springframework\spring-context\5.2.5.RELEASE\spring-context-5.2.5.RELEASE.jar;C:\Users\MVA\.m2\repository\org\springframework\spring-aop\5.2.5.RELEASE\spring-aop-5.2.5.RELEASE.jar;C:\Users\MVA\.m2\repository\org\springframework\spring-beans\5.2.5.RELEASE\spring-beans-5.2.5.RELEASE.jar;C:\Users\MVA\.m2\repository\org\springframework\spring-core\5.2.5.RELEASE\spring-core-5.2.5.RELEASE.jar;C:\Users\MVA\.m2\repository\org\springframework\spring-jcl\5.2.5.RELEASE\spring-jcl-5.2.5.RELEASE.jar;C:\Users\MVA\.m2\repository\org\springframework\spring-expression\5.2.5.RELEASE\spring-expression-5.2.5.RELEASE.jar;C:\Users\MVA\.m2\repository\javax\annotation\javax.annotation-api\1.3.2\javax.annotation-api-1.3.2.jar;C:\Users\MVA\.m2\repository\org\junit\jupiter\junit-jupiter-engine\5.6.2\junit-jupiter-engine-5.6.2.jar;C:\Users\MVA\.m2\repository\org\apiguardian\apiguardian-api\1.1.0\apiguardian-api-1.1.0.jar;C:\Users\MVA\.m2\repository\org\junit\platform\junit-platform-engine\1.6.2\junit-platform-engine-1.6.2.jar;C:\Users\MVA\.m2\repository\org\junit\jupiter\junit-jupiter-api\5.6.2\junit-jupiter-api-5.6.2.jar;C:\Users\MVA\.m2\repository\org\opentest4j\opentest4j\1.2.0\opentest4j-1.2.0.jar;C:\Users\MVA\.m2\repository\org\junit\platform\junit-platform-commons\1.6.2\junit-platform-commons-1.6.2.jar;C:\Users\MVA\.m2\repository\org\junit\jupiter\junit-jupiter-params\5.6.2\junit-jupiter-params-5.6.2.jar;"/>
    <property name="java.vm.vendor" value="Oracle Corporation"/>
    <property name="sun.arch.data.model" value="64"/>
    <property name="user.variant" value=""/>
    <property name="java.vendor.url" value="https://java.oracle.com/"/>
    <property name="user.timezone" value="Europe/Minsk"/>
    <property name="os.name" value="Windows 10"/>
    <property name="java.vm.specification.version" value="18"/>
    <property name="sun.java.launcher" value="SUN_STANDARD"/>
    <property name="user.country" value="RU"/>
    <property name="sun.boot.library.path" value="C:\Program Files\Java\jdk-18.0.1.1\bin"/>
    <property name="sun.java.command" value="C:\Users\MVA\AppData\Local\Temp\surefire12207175506483552382\surefirebooter7510578750085681040.jar C:\Users\MVA\AppData\Local\Temp\surefire12207175506483552382 2024-01-12T11-27-30_703-jvmRun1 surefire18356763765562699745tmp surefire_01797518552193909859tmp"/>
    <property name="jdk.debug" value="release"/>
    <property name="surefire.test.class.path" value="C:\Users\MVA\git\chess-puzzles\target\test-classes;C:\Users\MVA\git\chess-puzzles\target\classes;C:\Users\MVA\.m2\repository\com\google\guava\guava\29.0-jre\guava-29.0-jre.jar;C:\Users\MVA\.m2\repository\com\google\guava\failureaccess\1.0.1\failureaccess-1.0.1.jar;C:\Users\MVA\.m2\repository\com\google\guava\listenablefuture\9999.0-empty-to-avoid-conflict-with-guava\listenablefuture-9999.0-empty-to-avoid-conflict-with-guava.jar;C:\Users\MVA\.m2\repository\com\google\code\findbugs\jsr305\3.0.2\jsr305-3.0.2.jar;C:\Users\MVA\.m2\repository\org\checkerframework\checker-qual\2.11.1\checker-qual-2.11.1.jar;C:\Users\MVA\.m2\repository\com\google\errorprone\error_prone_annotations\2.3.4\error_prone_annotations-2.3.4.jar;C:\Users\MVA\.m2\repository\com\google\j2objc\j2objc-annotations\1.3\j2objc-annotations-1.3.jar;C:\Users\MVA\.m2\repository\org\springframework\spring-context\5.2.5.RELEASE\spring-context-5.2.5.RELEASE.jar;C:\Users\MVA\.m2\repository\org\springframework\spring-aop\5.2.5.RELEASE\spring-aop-5.2.5.RELEASE.jar;C:\Users\MVA\.m2\repository\org\springframework\spring-beans\5.2.5.RELEASE\spring-beans-5.2.5.RELEASE.jar;C:\Users\MVA\.m2\repository\org\springframework\spring-core\5.2.5.RELEASE\spring-core-5.2.5.RELEASE.jar;C:\Users\MVA\.m2\repository\org\springframework\spring-jcl\5.2.5.RELEASE\spring-jcl-5.2.5.RELEASE.jar;C:\Users\MVA\.m2\repository\org\springframework\spring-expression\5.2.5.RELEASE\spring-expression-5.2.5.RELEASE.jar;C:\Users\MVA\.m2\repository\javax\annotation\javax.annotation-api\1.3.2\javax.annotation-api-1.3.2.jar;C:\Users\MVA\.m2\repository\org\junit\jupiter\junit-jupiter-engine\5.6.2\junit-jupiter-engine-5.6.2.jar;C:\Users\MVA\.m2\repository\org\apiguardian\apiguardian-api\1.1.0\apiguardian-api-1.1.0.jar;C:\Users\MVA\.m2\repository\org\junit\platform\junit-platform-engine\1.6.2\junit-platform-engine-1.6.2.jar;C:\Users\MVA\.m2\repository\org\junit\jupiter\junit-jupiter-api\5.6.2\junit-jupiter-api-5.6.2.jar;C:\Users\MVA\.m2\repository\org\opentest4j\opentest4j\1.2.0\opentest4j-1.2.0.jar;C:\Users\MVA\.m2\repository\org\junit\platform\junit-platform-commons\1.6.2\junit-platform-commons-1.6.2.jar;C:\Users\MVA\.m2\repository\org\junit\jupiter\junit-jupiter-params\5.6.2\junit-jupiter-params-5.6.2.jar;"/>
    <property name="sun.cpu.endian" value="little"/>
    <property name="user.home" value="C:\Users\MVA"/>
    <property name="user.language" value="ru"/>
    <property name="java.specification.vendor" value="Oracle Corporation"/>
    <property name="java.version.date" value="2022-04-22"/>
    <property name="java.home" value="C:\Program Files\Java\jdk-18.0.1.1"/>
    <property name="file.separator" value="\"/>
    <property name="basedir" value="C:\Users\MVA\git\chess-puzzles"/>
    <property name="style.color" value="always"/>
    <property name="java.vm.compressedOopsMode" value="32-bit"/>
    <property name="line.separator" value="&#10;"/>
    <property name="java.vm.specification.vendor" value="Oracle Corporation"/>
    <property name="java.specification.name" value="Java Platform API Specification"/>
    <property name="surefire.real.class.path" value="C:\Users\MVA\AppData\Local\Temp\surefire12207175506483552382\surefirebooter7510578750085681040.jar"/>
    <property name="user.script" value=""/>
    <property name="sun.management.compiler" value="HotSpot 64-Bit Tiered Compilers"/>
    <property name="java.runtime.version" value="18.0.1.1+2-6"/>
    <property name="user.name" value="MVA"/>
    <property name="path.separator" value=";"/>
    <property name="os.version" value="10.0"/>
    <property name="java.runtime.name" value="Java(TM) SE Runtime Environment"/>
    <property name="file.encoding" value="UTF-8"/>
    <property name="java.vm.name" value="Java HotSpot(TM) 64-Bit Server VM"/>
    <property name="localRepository" value="C:\Users\MVA\.m2\repository"/>
    <property name="java.vendor.url.bug" value="https://bugreport.java.com/bugreport/"/>
    <property name="java.io.tmpdir" value="C:\Users\MVA\AppData\Local\Temp\"/>
    <property name="java.version" value="18.0.1.1"/>
    <property name="user.dir" value="C:\Users\MVA\git\chess-puzzles"/>
    <property name="os.arch" value="amd64"/>
    <property name="java.vm.specification.name" value="Java Virtual Machine Specification"/>
    <property name="sun.os.patch.level" value=""/>
    <property name="native.encoding" value="Cp1251"/>
    <property name="java.library.path" value="C:\Program Files\Java\jdk-18.0.1.1\bin;C:\Windows\Sun\Java\bin;C:\Windows\system32;C:\Windows;E:/Soft/Java/eclipse//plugins/org.eclipse.justj.openjdk.hotspot.jre.full.win32.x86_64_20.0.2.v20230801-2057/jre/bin/server;E:/Soft/Java/eclipse//plugins/org.eclipse.justj.openjdk.hotspot.jre.full.win32.x86_64_20.0.2.v20230801-2057/jre/bin;C:\Program Files\Common Files\Oracle\Java\javapath;C:\Windows\system32;C:\Windows;C:\Windows\System32\Wbem;C:\Windows\System32\WindowsPowerShell\v1.0\;C:\Windows\System32\OpenSSH\;C:\Program Files\Git\cmd;C:\Gradle\gradle-7.5\bin;C:\Program Files\apache-maven-3.9.4\bin\;C:\Program Files\Java\jdk-21\bin;C:\Program Files\MySQL\MySQL Shell 8.0\bin\;C:\Users\MVA\AppData\Local\Programs\Python\Python310\Scripts\;C:\Users\MVA\AppData\Local\Programs\Python\Python310\;C:\Users\MVA\AppData\Local\Microsoft\WindowsApps;C:\Program Files\JetBrains\PyCharm 2021.3.2\bin;;C:\Program Files\Java\jdk-21\bin;;C:\Users\MVA\AppData\Local\Programs\Microsoft VS Code\bin;E:\Soft\Java\eclipse;;."/>
    <property name="java.vm.info" value="mixed mode, sharing"/>
    <property name="java.vendor" value="Oracle Corporation"/>
    <property name="java.vm.version" value="18.0.1.1+2-6"/>
    <property name="sun.io.unicode.encoding" value="UnicodeLittle"/>
    <property name="java.class.version" value="62.0"/>
  </properties>
  <testcase name="testJavaConfigLayouts{String}[1]" classname="com.epam.rd.autotasks.chesspuzzles.ChessPuzzlesTest" time="0.083">
    <error message="com.epam.rd.autotasks.chesspuzzles.config.Default" type="java.lang.ClassNotFoundException">java.lang.ClassNotFoundException: com.epam.rd.autotasks.chesspuzzles.config.Default
	at com.epam.rd.autotasks.chesspuzzles.ChessPuzzlesTest.testJavaConfigLayouts(ChessPuzzlesTest.java:20)
</error>
  </testcase>
  <testcase name="testJavaConfigLayouts{String}[2]" classname="com.epam.rd.autotasks.chesspuzzles.ChessPuzzlesTest" time="0.003">
    <error message="com.epam.rd.autotasks.chesspuzzles.config.DefaultBlack" type="java.lang.ClassNotFoundException">java.lang.ClassNotFoundException: com.epam.rd.autotasks.chesspuzzles.config.DefaultBlack
	at com.epam.rd.autotasks.chesspuzzles.ChessPuzzlesTest.testJavaConfigLayouts(ChessPuzzlesTest.java:20)
</error>
  </testcase>
  <testcase name="testJavaConfigLayouts{String}[3]" classname="com.epam.rd.autotasks.chesspuzzles.ChessPuzzlesTest" time="0.003">
    <error message="com.epam.rd.autotasks.chesspuzzles.config.DefaultWhite" type="java.lang.ClassNotFoundException">java.lang.ClassNotFoundException: com.epam.rd.autotasks.chesspuzzles.config.DefaultWhite
	at com.epam.rd.autotasks.chesspuzzles.ChessPuzzlesTest.testJavaConfigLayouts(ChessPuzzlesTest.java:20)
</error>
  </testcase>
  <testcase name="testJavaConfigLayouts{String}[4]" classname="com.epam.rd.autotasks.chesspuzzles.ChessPuzzlesTest" time="0.002">
    <error message="com.epam.rd.autotasks.chesspuzzles.config.Puzzle01" type="java.lang.ClassNotFoundException">java.lang.ClassNotFoundException: com.epam.rd.autotasks.chesspuzzles.config.Puzzle01
	at com.epam.rd.autotasks.chesspuzzles.ChessPuzzlesTest.testJavaConfigLayouts(ChessPuzzlesTest.java:20)
</error>
  </testcase>
  <testcase name="testJavaConfigLayouts{String}[5]" classname="com.epam.rd.autotasks.chesspuzzles.ChessPuzzlesTest" time="0.002">
    <error message="com.epam.rd.autotasks.chesspuzzles.config.Puzzle02" type="java.lang.ClassNotFoundException">java.lang.ClassNotFoundException: com.epam.rd.autotasks.chesspuzzles.config.Puzzle02
	at com.epam.rd.autotasks.chesspuzzles.ChessPuzzlesTest.testJavaConfigLayouts(ChessPuzzlesTest.java:20)
</error>
  </testcase>
  <testcase name="testJavaConfigLayouts{String}[6]" classname="com.epam.rd.autotasks.chesspuzzles.ChessPuzzlesTest" time="0.002">
    <error message="com.epam.rd.autotasks.chesspuzzles.config.Puzzle03" type="java.lang.ClassNotFoundException">java.lang.ClassNotFoundException: com.epam.rd.autotasks.chesspuzzles.config.Puzzle03
	at com.epam.rd.autotasks.chesspuzzles.ChessPuzzlesTest.testJavaConfigLayouts(ChessPuzzlesTest.java:20)
</error>
  </testcase>
</testsuite>